<?xml version="1.0" encoding="UTF-8"?>
<testsuite name="com.faticourses.fr.ExampleUnitTest" tests="2" skipped="0" failures="0" errors="0" timestamp="2026-06-01T15:54:14.273Z" hostname="unmec" time="0.013">
  <properties/>
  <testcase name="addition_isCorrect" classname="com.faticourses.fr.ExampleUnitTest" time="0.001"/>
  <testcase name="list_is_empty" classname="com.faticourses.fr.ExampleUnitTest" time="0.0"/>
  <system-out><![CDATA[]]></system-out>
  <system-err><![CDATA[]]></system-err>
</testsuite>
